{"/Users/lexisandoval/lexis-locker-frontend/src/components/Account.js": {"path":"/Users/lexisandoval/lexis-locker-frontend/src/components/Account.js","statementMap":{"0":{"start":{"line":5,"column":16},"end":{"line":25,"column":1}},"1":{"start":{"line":6,"column":36},"end":{"line":6,"column":46}},"2":{"start":{"line":8,"column":2},"end":{"line":24,"column":3}},"3":{"start":{"line":9,"column":4},"end":{"line":16,"column":5}},"4":{"start":{"line":19,"column":4},"end":{"line":23,"column":5}}},"fnMap":{"0":{"name":"(anonymous_0)","decl":{"start":{"line":5,"column":16},"end":{"line":5,"column":17}},"loc":{"start":{"line":5,"column":22},"end":{"line":25,"column":1}},"line":5}},"branchMap":{"0":{"loc":{"start":{"line":8,"column":2},"end":{"line":24,"column":3}},"type":"if","locations":[{"start":{"line":8,"column":2},"end":{"line":24,"column":3}},{"start":{"line":8,"column":2},"end":{"line":24,"column":3}}],"line":8}},"s":{"0":1,"1":1,"2":1,"3":1,"4":0},"f":{"0":1},"b":{"0":[1,0]},"_coverageSchema":"1a1c01bbd47fc00a2c39e90264f33305004495a9","hash":"e4cacc5b93f625dfc7c83a5346671bb62bd3ebb0"}
,"/Users/lexisandoval/lexis-locker-frontend/src/components/Logout.js": {"path":"/Users/lexisandoval/lexis-locker-frontend/src/components/Logout.js","statementMap":{"0":{"start":{"line":4,"column":15},"end":{"line":12,"column":1}},"1":{"start":{"line":5,"column":21},"end":{"line":5,"column":31}},"2":{"start":{"line":7,"column":2},"end":{"line":11,"column":3}},"3":{"start":{"line":8,"column":68},"end":{"line":8,"column":112}}},"fnMap":{"0":{"name":"(anonymous_0)","decl":{"start":{"line":4,"column":15},"end":{"line":4,"column":16}},"loc":{"start":{"line":4,"column":21},"end":{"line":12,"column":1}},"line":4},"1":{"name":"(anonymous_1)","decl":{"start":{"line":8,"column":62},"end":{"line":8,"column":63}},"loc":{"start":{"line":8,"column":68},"end":{"line":8,"column":112}},"line":8}},"branchMap":{},"s":{"0":2,"1":3,"2":3,"3":0},"f":{"0":3,"1":0},"b":{},"_coverageSchema":"1a1c01bbd47fc00a2c39e90264f33305004495a9","hash":"23eaf962fadc86aeb7ce99c6bd76568d33547b9e"}
,"/Users/lexisandoval/lexis-locker-frontend/src/components/NavBar.js": {"path":"/Users/lexisandoval/lexis-locker-frontend/src/components/NavBar.js","statementMap":{"0":{"start":{"line":20,"column":19},"end":{"line":20,"column":65}},"1":{"start":{"line":22,"column":30},"end":{"line":22,"column":40}},"2":{"start":{"line":24,"column":2},"end":{"line":93,"column":3}}},"fnMap":{"0":{"name":"NavBar","decl":{"start":{"line":18,"column":9},"end":{"line":18,"column":15}},"loc":{"start":{"line":18,"column":18},"end":{"line":94,"column":1}},"line":18}},"branchMap":{"0":{"loc":{"start":{"line":28,"column":9},"end":{"line":89,"column":13}},"type":"cond-expr","locations":[{"start":{"line":29,"column":10},"end":{"line":55,"column":13}},{"start":{"line":57,"column":10},"end":{"line":89,"column":13}}],"line":28},"1":{"loc":{"start":{"line":38,"column":17},"end":{"line":44,"column":21}},"type":"cond-expr","locations":[{"start":{"line":39,"column":18},"end":{"line":39,"column":99}},{"start":{"line":41,"column":18},"end":{"line":44,"column":21}}],"line":38},"2":{"loc":{"start":{"line":64,"column":17},"end":{"line":70,"column":21}},"type":"cond-expr","locations":[{"start":{"line":65,"column":18},"end":{"line":65,"column":99}},{"start":{"line":67,"column":18},"end":{"line":70,"column":21}}],"line":64}},"s":{"0":5,"1":5,"2":5},"f":{"0":5},"b":{"0":[0,5],"1":[0,0],"2":[0,5]},"_coverageSchema":"1a1c01bbd47fc00a2c39e90264f33305004495a9","hash":"adb1b2eea536cf83a71ba195c9b9562c10ae5c72"}
,"/Users/lexisandoval/lexis-locker-frontend/src/components/Search.js": {"path":"/Users/lexisandoval/lexis-locker-frontend/src/components/Search.js","statementMap":{"0":{"start":{"line":11,"column":46},"end":{"line":11,"column":61}},"1":{"start":{"line":12,"column":32},"end":{"line":12,"column":62}},"2":{"start":{"line":12,"column":38},"end":{"line":12,"column":62}},"3":{"start":{"line":13,"column":31},"end":{"line":13,"column":60}},"4":{"start":{"line":13,"column":37},"end":{"line":13,"column":60}},"5":{"start":{"line":16,"column":50},"end":{"line":16,"column":65}},"6":{"start":{"line":17,"column":34},"end":{"line":17,"column":66}},"7":{"start":{"line":17,"column":40},"end":{"line":17,"column":66}},"8":{"start":{"line":18,"column":33},"end":{"line":18,"column":64}},"9":{"start":{"line":18,"column":39},"end":{"line":18,"column":64}},"10":{"start":{"line":21,"column":23},"end":{"line":21,"column":45}},"11":{"start":{"line":24,"column":27},"end":{"line":24,"column":49}},"12":{"start":{"line":25,"column":30},"end":{"line":25,"column":42}},"13":{"start":{"line":26,"column":50},"end":{"line":26,"column":62}},"14":{"start":{"line":28,"column":36},"end":{"line":28,"column":46}},"15":{"start":{"line":30,"column":2},"end":{"line":38,"column":24}},"16":{"start":{"line":31,"column":21},"end":{"line":35,"column":5}},"17":{"start":{"line":32,"column":6},"end":{"line":34,"column":68}},"18":{"start":{"line":37,"column":4},"end":{"line":37,"column":33}},"19":{"start":{"line":40,"column":21},"end":{"line":62,"column":3}},"20":{"start":{"line":41,"column":22},"end":{"line":41,"column":24}},"21":{"start":{"line":42,"column":4},"end":{"line":42,"column":68}},"22":{"start":{"line":42,"column":29},"end":{"line":42,"column":67}},"23":{"start":{"line":44,"column":4},"end":{"line":61,"column":5}},"24":{"start":{"line":46,"column":6},"end":{"line":57,"column":7}},"25":{"start":{"line":47,"column":8},"end":{"line":47,"column":32}},"26":{"start":{"line":51,"column":8},"end":{"line":56,"column":14}},"27":{"start":{"line":54,"column":14},"end":{"line":54,"column":41}},"28":{"start":{"line":60,"column":6},"end":{"line":60,"column":28}},"29":{"start":{"line":64,"column":2},"end":{"line":113,"column":3}},"30":{"start":{"line":70,"column":142},"end":{"line":70,"column":167}},"31":{"start":{"line":91,"column":16},"end":{"line":105,"column":19}},"32":{"start":{"line":102,"column":45},"end":{"line":102,"column":64}}},"fnMap":{"0":{"name":"Search","decl":{"start":{"line":8,"column":9},"end":{"line":8,"column":15}},"loc":{"start":{"line":8,"column":23},"end":{"line":114,"column":1}},"line":8},"1":{"name":"(anonymous_1)","decl":{"start":{"line":12,"column":32},"end":{"line":12,"column":33}},"loc":{"start":{"line":12,"column":38},"end":{"line":12,"column":62}},"line":12},"2":{"name":"(anonymous_2)","decl":{"start":{"line":13,"column":31},"end":{"line":13,"column":32}},"loc":{"start":{"line":13,"column":37},"end":{"line":13,"column":60}},"line":13},"3":{"name":"(anonymous_3)","decl":{"start":{"line":17,"column":34},"end":{"line":17,"column":35}},"loc":{"start":{"line":17,"column":40},"end":{"line":17,"column":66}},"line":17},"4":{"name":"(anonymous_4)","decl":{"start":{"line":18,"column":33},"end":{"line":18,"column":34}},"loc":{"start":{"line":18,"column":39},"end":{"line":18,"column":64}},"line":18},"5":{"name":"(anonymous_5)","decl":{"start":{"line":30,"column":12},"end":{"line":30,"column":13}},"loc":{"start":{"line":30,"column":18},"end":{"line":38,"column":3}},"line":30},"6":{"name":"(anonymous_6)","decl":{"start":{"line":31,"column":37},"end":{"line":31,"column":38}},"loc":{"start":{"line":32,"column":6},"end":{"line":34,"column":68}},"line":32},"7":{"name":"(anonymous_7)","decl":{"start":{"line":40,"column":21},"end":{"line":40,"column":22}},"loc":{"start":{"line":40,"column":34},"end":{"line":62,"column":3}},"line":40},"8":{"name":"(anonymous_8)","decl":{"start":{"line":42,"column":21},"end":{"line":42,"column":22}},"loc":{"start":{"line":42,"column":29},"end":{"line":42,"column":67}},"line":42},"9":{"name":"(anonymous_9)","decl":{"start":{"line":53,"column":30},"end":{"line":53,"column":31}},"loc":{"start":{"line":53,"column":36},"end":{"line":55,"column":13}},"line":53},"10":{"name":"(anonymous_10)","decl":{"start":{"line":70,"column":135},"end":{"line":70,"column":136}},"loc":{"start":{"line":70,"column":142},"end":{"line":70,"column":167}},"line":70},"11":{"name":"(anonymous_11)","decl":{"start":{"line":90,"column":35},"end":{"line":90,"column":36}},"loc":{"start":{"line":91,"column":16},"end":{"line":105,"column":19}},"line":91},"12":{"name":"(anonymous_12)","decl":{"start":{"line":102,"column":39},"end":{"line":102,"column":40}},"loc":{"start":{"line":102,"column":45},"end":{"line":102,"column":64}},"line":102}},"branchMap":{"0":{"loc":{"start":{"line":32,"column":6},"end":{"line":34,"column":68}},"type":"binary-expr","locations":[{"start":{"line":32,"column":6},"end":{"line":32,"column":74}},{"start":{"line":33,"column":6},"end":{"line":33,"column":84}},{"start":{"line":34,"column":6},"end":{"line":34,"column":68}}],"line":32},"1":{"loc":{"start":{"line":44,"column":4},"end":{"line":61,"column":5}},"type":"if","locations":[{"start":{"line":44,"column":4},"end":{"line":61,"column":5}},{"start":{"line":44,"column":4},"end":{"line":61,"column":5}}],"line":44},"2":{"loc":{"start":{"line":46,"column":6},"end":{"line":57,"column":7}},"type":"if","locations":[{"start":{"line":46,"column":6},"end":{"line":57,"column":7}},{"start":{"line":46,"column":6},"end":{"line":57,"column":7}}],"line":46},"3":{"loc":{"start":{"line":89,"column":12},"end":{"line":108,"column":19}},"type":"cond-expr","locations":[{"start":{"line":90,"column":14},"end":{"line":106,"column":15}},{"start":{"line":108,"column":14},"end":{"line":108,"column":19}}],"line":89}},"s":{"0":5,"1":4,"2":0,"3":4,"4":0,"5":4,"6":4,"7":0,"8":4,"9":0,"10":4,"11":4,"12":4,"13":4,"14":4,"15":4,"16":2,"17":8,"18":2,"19":4,"20":0,"21":0,"22":0,"23":0,"24":0,"25":0,"26":0,"27":0,"28":0,"29":4,"30":1,"31":1,"32":0},"f":{"0":5,"1":0,"2":0,"3":0,"4":0,"5":2,"6":8,"7":0,"8":0,"9":0,"10":1,"11":1,"12":0},"b":{"0":[8,3,3],"1":[0,0],"2":[0,0],"3":[2,2]},"_coverageSchema":"1a1c01bbd47fc00a2c39e90264f33305004495a9","hash":"3612a4fc47c1fafc1756b08c33ce229a8a258b71"}
,"/Users/lexisandoval/lexis-locker-frontend/src/contexts/LockerContextProvider.js": {"path":"/Users/lexisandoval/lexis-locker-frontend/src/contexts/LockerContextProvider.js","statementMap":{"0":{"start":{"line":11,"column":30},"end":{"line":58,"column":1}},"1":{"start":{"line":13,"column":19},"end":{"line":13,"column":29}},"2":{"start":{"line":14,"column":16},"end":{"line":14,"column":38}},"3":{"start":{"line":16,"column":34},"end":{"line":16,"column":46}},"4":{"start":{"line":17,"column":38},"end":{"line":17,"column":50}},"5":{"start":{"line":19,"column":42},"end":{"line":19,"column":54}},"6":{"start":{"line":21,"column":18},"end":{"line":26,"column":3}},"7":{"start":{"line":28,"column":2},"end":{"line":51,"column":13}},"8":{"start":{"line":29,"column":4},"end":{"line":32,"column":8}},"9":{"start":{"line":31,"column":8},"end":{"line":31,"column":29}},"10":{"start":{"line":34,"column":4},"end":{"line":37,"column":8}},"11":{"start":{"line":36,"column":8},"end":{"line":36,"column":31}},"12":{"start":{"line":39,"column":4},"end":{"line":42,"column":8}},"13":{"start":{"line":41,"column":8},"end":{"line":41,"column":69}},"14":{"start":{"line":41,"column":48},"end":{"line":41,"column":67}},"15":{"start":{"line":53,"column":2},"end":{"line":57,"column":3}},"16":{"start":{"line":60,"column":0},"end":{"line":62,"column":1}}},"fnMap":{"0":{"name":"(anonymous_0)","decl":{"start":{"line":11,"column":30},"end":{"line":11,"column":31}},"loc":{"start":{"line":11,"column":48},"end":{"line":58,"column":1}},"line":11},"1":{"name":"(anonymous_1)","decl":{"start":{"line":28,"column":12},"end":{"line":28,"column":13}},"loc":{"start":{"line":28,"column":18},"end":{"line":51,"column":3}},"line":28},"2":{"name":"(anonymous_2)","decl":{"start":{"line":30,"column":12},"end":{"line":30,"column":13}},"loc":{"start":{"line":30,"column":26},"end":{"line":32,"column":7}},"line":30},"3":{"name":"(anonymous_3)","decl":{"start":{"line":35,"column":12},"end":{"line":35,"column":13}},"loc":{"start":{"line":35,"column":26},"end":{"line":37,"column":7}},"line":35},"4":{"name":"(anonymous_4)","decl":{"start":{"line":40,"column":12},"end":{"line":40,"column":13}},"loc":{"start":{"line":40,"column":26},"end":{"line":42,"column":7}},"line":40},"5":{"name":"(anonymous_5)","decl":{"start":{"line":41,"column":40},"end":{"line":41,"column":41}},"loc":{"start":{"line":41,"column":48},"end":{"line":41,"column":67}},"line":41}},"branchMap":{"0":{"loc":{"start":{"line":14,"column":16},"end":{"line":14,"column":38}},"type":"cond-expr","locations":[{"start":{"line":14,"column":23},"end":{"line":14,"column":33}},{"start":{"line":14,"column":36},"end":{"line":14,"column":38}}],"line":14}},"s":{"0":0,"1":0,"2":0,"3":0,"4":0,"5":0,"6":0,"7":0,"8":0,"9":0,"10":0,"11":0,"12":0,"13":0,"14":0,"15":0,"16":0},"f":{"0":0,"1":0,"2":0,"3":0,"4":0,"5":0},"b":{"0":[0,0]}}
,"/Users/lexisandoval/lexis-locker-frontend/src/contexts/index.js": {"path":"/Users/lexisandoval/lexis-locker-frontend/src/contexts/index.js","statementMap":{"0":{"start":{"line":2,"column":19},"end":{"line":2,"column":36}}},"fnMap":{},"branchMap":{},"s":{"0":5},"f":{},"b":{},"_coverageSchema":"1a1c01bbd47fc00a2c39e90264f33305004495a9","hash":"58538d190fd308aa2d3a14046794375e903a17e4"}
}
