TN:
SF:src/components/Account.js
FN:5,(anonymous_0)
FNF:1
FNH:1
FNDA:1,(anonymous_0)
DA:5,1
DA:6,1
DA:8,1
DA:9,1
DA:19,0
LF:5
LH:4
BRDA:8,0,0,1
BRDA:8,0,1,0
BRF:2
BRH:1
end_of_record
TN:
SF:src/components/Logout.js
FN:4,(anonymous_0)
FN:8,(anonymous_1)
FNF:2
FNH:1
FNDA:3,(anonymous_0)
FNDA:0,(anonymous_1)
DA:4,2
DA:5,3
DA:7,3
DA:8,0
LF:4
LH:3
BRF:0
BRH:0
end_of_record
TN:
SF:src/components/NavBar.js
FN:18,NavBar
FNF:1
FNH:1
FNDA:5,NavBar
DA:20,5
DA:22,5
DA:24,5
LF:3
LH:3
BRDA:28,0,0,0
BRDA:28,0,1,5
BRDA:38,1,0,0
BRDA:38,1,1,0
BRDA:64,2,0,0
BRDA:64,2,1,5
BRF:6
BRH:2
end_of_record
TN:
SF:src/components/Search.js
FN:8,Search
FN:12,(anonymous_1)
FN:13,(anonymous_2)
FN:17,(anonymous_3)
FN:18,(anonymous_4)
FN:30,(anonymous_5)
FN:31,(anonymous_6)
FN:40,(anonymous_7)
FN:42,(anonymous_8)
FN:53,(anonymous_9)
FN:70,(anonymous_10)
FN:90,(anonymous_11)
FN:102,(anonymous_12)
FNF:13
FNH:5
FNDA:5,Search
FNDA:0,(anonymous_1)
FNDA:0,(anonymous_2)
FNDA:0,(anonymous_3)
FNDA:0,(anonymous_4)
FNDA:2,(anonymous_5)
FNDA:8,(anonymous_6)
FNDA:0,(anonymous_7)
FNDA:0,(anonymous_8)
FNDA:0,(anonymous_9)
FNDA:1,(anonymous_10)
FNDA:1,(anonymous_11)
FNDA:0,(anonymous_12)
DA:11,5
DA:12,4
DA:13,4
DA:16,4
DA:17,4
DA:18,4
DA:21,4
DA:24,4
DA:25,4
DA:26,4
DA:28,4
DA:30,4
DA:31,2
DA:32,8
DA:37,2
DA:40,4
DA:41,0
DA:42,0
DA:44,0
DA:46,0
DA:47,0
DA:51,0
DA:54,0
DA:60,0
DA:64,4
DA:70,1
DA:91,1
DA:102,0
LF:28
LH:19
BRDA:32,0,0,8
BRDA:32,0,1,3
BRDA:32,0,2,3
BRDA:44,1,0,0
BRDA:44,1,1,0
BRDA:46,2,0,0
BRDA:46,2,1,0
BRDA:89,3,0,2
BRDA:89,3,1,2
BRF:9
BRH:5
end_of_record
TN:
SF:src/contexts/LockerContextProvider.js
FN:11,(anonymous_0)
FN:28,(anonymous_1)
FN:30,(anonymous_2)
FN:35,(anonymous_3)
FN:40,(anonymous_4)
FN:41,(anonymous_5)
FNF:6
FNH:0
FNDA:0,(anonymous_0)
FNDA:0,(anonymous_1)
FNDA:0,(anonymous_2)
FNDA:0,(anonymous_3)
FNDA:0,(anonymous_4)
FNDA:0,(anonymous_5)
DA:11,0
DA:13,0
DA:14,0
DA:16,0
DA:17,0
DA:19,0
DA:21,0
DA:28,0
DA:29,0
DA:31,0
DA:34,0
DA:36,0
DA:39,0
DA:41,0
DA:53,0
DA:60,0
LF:16
LH:0
BRDA:14,0,0,0
BRDA:14,0,1,0
BRF:2
BRH:0
end_of_record
TN:
SF:src/contexts/index.js
FNF:0
FNH:0
DA:2,5
LF:1
LH:1
BRF:0
BRH:0
end_of_record
